{
  message: { url: '/api/user' },
  level: 'http',
  service: 'postaway-api',
  timestamp: '2024-08-12T10:36:22.494Z'
}
{
  message: { requestBody: '{}' },
  level: 'info',
  service: 'postaway-api',
  timestamp: '2024-08-12T10:36:22.503Z'
}
{
  message: {
    statusCode: 401,
    errorMessage: 'Unauthorized Access - Invalid Token!'
  },
  level: 'error',
  service: 'postaway-api',
  timestamp: '2024-08-12T10:36:22.514Z'
}
{
  message: { url: '/api/user' },
  level: 'http',
  service: 'postaway-api',
  timestamp: '2024-08-12T10:36:37.899Z'
}
{
  message: { requestBody: '{}' },
  level: 'info',
  service: 'postaway-api',
  timestamp: '2024-08-12T10:36:37.901Z'
}
{
  message: {
    statusCode: 401,
    errorMessage: 'Unauthorized Access - No Token Provided !'
  },
  level: 'error',
  service: 'postaway-api',
  timestamp: '2024-08-12T10:36:37.903Z'
}
{
  message: { url: '/api/user/login' },
  level: 'http',
  service: 'postaway-api',
  timestamp: '2024-08-12T10:36:42.015Z'
}
{
  message: { requestBody: 'User Data can not be logged.' },
  level: 'info',
  service: 'postaway-api',
  timestamp: '2024-08-12T10:36:42.016Z'
}
{
  message: {
    statusCode: 400,
    errorMessage: 'email id varsha@gmail.com is not valid. Provide a valid one.'
  },
  level: 'error',
  service: 'postaway-api',
  timestamp: '2024-08-12T10:36:42.019Z'
}
{
  message: { url: '/api/user/login' },
  level: 'http',
  service: 'postaway-api',
  timestamp: '2024-08-12T10:39:00.457Z'
}
{
  message: { requestBody: 'User Data can not be logged.' },
  level: 'info',
  service: 'postaway-api',
  timestamp: '2024-08-12T10:39:00.462Z'
}
{
  message: {
    statusCode: 400,
    errorMessage: 'email id varsha@gmail.com is not valid. Provide a valid one.'
  },
  level: 'error',
  service: 'postaway-api',
  timestamp: '2024-08-12T10:39:00.465Z'
}
